This is pdfTeX, Version 3.1415926-1.40.10 (TeX Live 2009/Debian) (format=latex 2012.6.10)  10 JUL 2012 16:21
entering extended mode
 %&-line parsing enabled.
**QB_FBIM
(./QB_FBIM.tex
LaTeX2e <2009/09/24>
Babel <v3.8l> and hyphenation patterns for english, usenglishmax, dumylang, noh
yphenation, loaded.
(./bioinfo.cls
Document Class: bioinfo 2003/02/08 0.1
(/usr/share/texmf-texlive/tex/latex/base/inputenc.sty
Package: inputenc 2008/03/30 v1.1d Input encoding file
\inpenc@prehook=\toks14
\inpenc@posthook=\toks15
)
(/usr/share/texmf-texlive/tex/latex/crop/crop.sty
Package: crop 2003/05/20 v1.9 crop marks (mf)
\stockwidth=\dimen102
\stockheight=\dimen103
\CROP@index=\count79

(/usr/share/texmf-texlive/tex/latex/graphics/color.sty
Package: color 2005/11/14 v1.0j Standard LaTeX Color (DPC)

(/etc/texmf/tex/latex/config/color.cfg
File: color.cfg 2007/01/18 v1.5 color configuration of teTeX/TeXLive
)
Package color Info: Driver file: dvips.def on input line 130.

(/usr/share/texmf-texlive/tex/latex/graphics/dvips.def
File: dvips.def 1999/02/16 v3.0i Driver-dependant file (DPC,SPQR)
)
(/usr/share/texmf-texlive/tex/latex/graphics/dvipsnam.def
File: dvipsnam.def 1999/02/16 v3.0i Driver-dependant file (DPC,SPQR)
))
(/usr/share/texmf-texlive/tex/latex/graphics/graphics.sty
Package: graphics 2009/02/05 v1.0o Standard LaTeX Graphics (DPC,SPQR)

(/usr/share/texmf-texlive/tex/latex/graphics/trig.sty
Package: trig 1999/03/16 v1.09 sin cos tan (DPC)
)
(/etc/texmf/tex/latex/config/graphics.cfg
File: graphics.cfg 2009/08/28 v1.8 graphics configuration of TeX Live
)
Package graphics Info: Driver file: dvips.def on input line 91.
)
\CROP@offset=\count80
)
(/usr/share/texmf-texlive/tex/latex/graphics/graphicx.sty
Package: graphicx 1999/02/16 v1.0f Enhanced LaTeX Graphics (DPC,SPQR)

(/usr/share/texmf-texlive/tex/latex/graphics/keyval.sty
Package: keyval 1999/03/16 v1.13 key=value parser (DPC)
\KV@toks@=\toks16
)
\Gin@req@height=\dimen104
\Gin@req@width=\dimen105
)
(/usr/share/texmf-texlive/tex/latex/amsmath/amsmath.sty
Package: amsmath 2000/07/18 v2.13 AMS math features
\@mathmargin=\skip41

For additional information on amsmath, use the `?' option.
(/usr/share/texmf-texlive/tex/latex/amsmath/amstext.sty
Package: amstext 2000/06/29 v2.01

(/usr/share/texmf-texlive/tex/latex/amsmath/amsgen.sty
File: amsgen.sty 1999/11/30 v2.0
\@emptytoks=\toks17
\ex@=\dimen106
))
(/usr/share/texmf-texlive/tex/latex/amsmath/amsbsy.sty
Package: amsbsy 1999/11/29 v1.2d
\pmbraise@=\dimen107
)
(/usr/share/texmf-texlive/tex/latex/amsmath/amsopn.sty
Package: amsopn 1999/12/14 v2.01 operator names
)
\inf@bad=\count81
LaTeX Info: Redefining \frac on input line 211.
\uproot@=\count82
\leftroot@=\count83
LaTeX Info: Redefining \overline on input line 307.
\classnum@=\count84
\DOTSCASE@=\count85
LaTeX Info: Redefining \ldots on input line 379.
LaTeX Info: Redefining \dots on input line 382.
LaTeX Info: Redefining \cdots on input line 467.
\Mathstrutbox@=\box26
\strutbox@=\box27
\big@size=\dimen108
LaTeX Font Info:    Redeclaring font encoding OML on input line 567.
LaTeX Font Info:    Redeclaring font encoding OMS on input line 568.
\macc@depth=\count86
\c@MaxMatrixCols=\count87
\dotsspace@=\muskip10
\c@parentequation=\count88
\dspbrk@lvl=\count89
\tag@help=\toks18
\row@=\count90
\column@=\count91
\maxfields@=\count92
\andhelp@=\toks19
\eqnshift@=\dimen109
\alignsep@=\dimen110
\tagshift@=\dimen111
\tagwidth@=\dimen112
\totwidth@=\dimen113
\lineht@=\dimen114
\@envbody=\toks20
\multlinegap=\skip42
\multlinetaggap=\skip43
\mathdisplay@stack=\toks21
LaTeX Info: Redefining \[ on input line 2666.
LaTeX Info: Redefining \] on input line 2667.
)
(/usr/share/texmf-texlive/tex/latex/tools/array.sty
Package: array 2008/09/09 v2.4c Tabular extension package (FMi)
\col@sep=\dimen115
\extrarowheight=\dimen116
\NC@list=\toks22
\extratabsurround=\skip44
\backup@length=\skip45
)
(/usr/share/texmf-texlive/tex/latex/amsfonts/amssymb.sty
Package: amssymb 2009/06/22 v3.00

(/usr/share/texmf-texlive/tex/latex/amsfonts/amsfonts.sty
Package: amsfonts 2009/06/22 v3.00 Basic AMSFonts support
\symAMSa=\mathgroup4
\symAMSb=\mathgroup5
LaTeX Font Info:    Overwriting math alphabet `\mathfrak' in version `bold'
(Font)                  U/euf/m/n --> U/euf/b/n on input line 96.
)) (./flushend.sty
Package: flushend 1997/10/01
\@aaa=\box28
\@ccc=\box29
\@viper=\box30
\hold@viper=\box31
\atColsBreak=\toks23
\@extra@skip=\dimen117
\@nd@page@rule=\dimen118
)
(./stfloats.sty
Package: stfloats 1999/10/22
\@dblbotnum=\count93
\c@dblbotnumber=\count94
) (/usr/share/texmf-texlive/tex/latex/amscls/amsthm.sty
Package: amsthm 2004/08/06 v2.20
\thm@style=\toks24
\thm@bodyfont=\toks25
\thm@headfont=\toks26
\thm@notefont=\toks27
\thm@headpunct=\toks28
\thm@preskip=\skip46
\thm@postskip=\skip47
\thm@headsep=\skip48
\dth@everypar=\toks29
)
(/usr/share/texmf-texlive/tex/latex/changepage/chngpage.sty
Package: chngpage 2009/10/20 v1.2b change page layout
\c@cp@cnt=\count95
\c@cp@tempcnt=\count96
)
(/usr/share/texmf-texlive/tex/latex/psnfss/times.sty
Package: times 2005/04/12 PSNFSS-v9.2a (SPQR) 
)
\c@section=\count97
\c@subsection=\count98
\c@subsubsection=\count99
\c@paragraph=\count100
\c@subparagraph=\count101
\c@figure=\count102
\c@table=\count103
\dropfromtop=\skip49
\extraspace=\skip50
\aboveskipchk=\skip51
\abovecaptionskip=\skip52
\belowcaptionskip=\skip53
\rotdimen=\dimen119
\tempdime=\dimen120
\temptbox=\box32

(/usr/share/texmf-texlive/tex/latex/natbib/natbib.sty
Package: natbib 2009/07/16 8.31 (PWD, AO)
\bibhang=\skip54
\bibsep=\skip55
LaTeX Info: Redefining \cite on input line 694.
\c@NAT@ctr=\count104
))
(/usr/share/texmf-texlive/tex/latex/ltxmisc/url.sty
\Urlmuskip=\muskip11
Package: url 2006/04/12  ver 3.3  Verb mode for urls, etc.
)
(/usr/share/texmf-texlive/tex/generic/babel/babel.sty
Package: babel 2008/07/06 v3.8l The Babel package

(/usr/share/texmf-texlive/tex/generic/babel/english.ldf
Language: english 2005/03/30 v3.3o English support from the babel system

(/usr/share/texmf-texlive/tex/generic/babel/babel.def
File: babel.def 2008/07/06 v3.8l Babel common definitions
\babel@savecnt=\count105
\U@D=\dimen121
)
\l@british = a dialect from \language\l@english 
\l@UKenglish = a dialect from \language\l@english 
\l@canadian = a dialect from \language\l@american 
\l@australian = a dialect from \language\l@british 
\l@newzealand = a dialect from \language\l@british 
)
(/usr/share/texmf-texlive/tex/generic/babel/english.ldf
Language: english 2005/03/30 v3.3o English support from the babel system
))
(/usr/share/texmf-texlive/tex/latex/psnfss/mathpazo.sty
Package: mathpazo 2005/04/12 PSNFSS-v9.2a Palatino w/ Pazo Math (D.Puga, WaS) 
\symupright=\mathgroup6
)
(/usr/share/texmf-texlive/tex/latex/base/fontenc.sty
Package: fontenc 2005/09/27 v1.99g Standard LaTeX package

(/usr/share/texmf-texlive/tex/latex/base/t1enc.def
File: t1enc.def 2005/09/27 v1.99g Standard LaTeX file
LaTeX Font Info:    Redeclaring font encoding T1 on input line 43.
))
(/usr/share/texmf-texlive/tex/latex/float/float.sty
Package: float 2001/11/08 v1.3d Float enhancements (AL)
\c@float@type=\count106
\float@exts=\toks30
\float@box=\box33
\@float@everytoks=\toks31
\@floatcapt=\box34
)
(/usr/share/texmf-texlive/tex/latex/setspace/setspace.sty
Package: setspace 2000/12/01 6.7 Contributed and Supported LaTeX2e package

Package: `setspace' 6.7 <2000/12/01>
) (/usr/share/texmf-texlive/tex/latex/appendix/appendix.sty
Package: appendix 2009/09/02 v1.2b extra appendix facilities
\c@@pps=\count107
\c@@ppsavesec=\count108
\c@@ppsaveapp=\count109
)
(/usr/share/texmf-texlive/tex/latex/siunitx/siunitx.sty
Package: siunitx 2009/09/21 v1.3a A comprehensive (SI) units package

(/usr/share/texmf-texlive/tex/latex/xkeyval/xkeyval.sty
Package: xkeyval 2008/08/13 v2.6a package option processing (HA)

(/usr/share/texmf-texlive/tex/generic/xkeyval/xkeyval.tex
\XKV@toks=\toks32
\XKV@tempa@toks=\toks33
\XKV@depth=\count110
File: xkeyval.tex 2008/08/13 v2.6a key=value parser (HA)
))
(/usr/share/texmf-texlive/tex/latex/tools/xspace.sty
Package: xspace 2006/05/08 v1.12 Space after command names (DPC,MH)
)
\si@tempboxa=\box35
\si@tempboxb=\box36
\si@tempboxc=\box37
\si@tempboxd=\box38
\si@temptoks=\toks34
\si@tab@mantprecnt=\count111
\si@tab@mantpostcnt=\count112
\si@tab@expprecnt=\count113
\si@tab@exppostcnt=\count114
\si@num@dp=\count115
\si@num@sf=\count116
\si@eVcorra=\skip56
\si@eVcorrb=\skip57
\si@frc@displen=\skip58
\si@frc@textlen=\skip59
\si@frc@suplen=\skip60
\si@frc@ssuplen=\skip61
\si@num@rndtarget=\count117
\si@tab@toks=\toks35
\si@tab@pretoks=\toks36
\si@tab@posttoks=\toks37
\si@tempcnta=\count118
\si@tempcntb=\count119
\si@tab@prebox=\box39
\si@tab@midbox=\box40
\si@tab@postbox=\box41
\si@tab@expbox=\box42
\si@tab@predim=\dimen122
\si@tab@postdim=\dimen123
\si@tab@expdim=\dimen124
\si@tempdima=\dimen125
\si@tempdimb=\dimen126
\si@unt@unitcnta=\count120
\si@unt@unitcntb=\count121
\si@unt@depthcnt=\count122
\si@unt@prefixcnt=\count123
\si@unt@powerdim=\dimen127

(/usr/share/texmf-texlive/tex/latex/siunitx/config/si-prefix.cfg
File: si-prefix.cfg 2009/09/21 v1.3a siunitx: SI Multiple prefixes
Package siunitx Info: Redefining unit \kilogram on input line 46.
)
(/usr/share/texmf-texlive/tex/latex/siunitx/config/si-named.cfg
File: si-named.cfg 2009/09/21 v1.3a siunitx: SI Named units
)
(/usr/share/texmf-texlive/tex/latex/siunitx/config/si-addn.cfg
File: si-addn.cfg 2009/09/21 v1.3a siunitx: SI Additional units
)
(/usr/share/texmf-texlive/tex/latex/siunitx/config/si-prefixed.cfg
File: si-prefixed.cfg 2009/09/21 v1.3a siunitx: SI Prefixed units

(/usr/share/texmf-texlive/tex/latex/siunitx/config/si-accepted.cfg
File: si-accepted.cfg 2009/09/21 v1.3a siunitx: SI Accepted units
)
(/usr/share/texmf-texlive/tex/latex/siunitx/config/si-physical.cfg
File: si-physical.cfg 2009/09/21 v1.3a siunitx: SI Physically-measured units
))
(/usr/share/texmf-texlive/tex/latex/siunitx/config/si-abbr.cfg
File: si-abbr.cfg 2009/09/21 v1.3a siunitx: Abbreviated units
))
(/usr/share/texmf-texlive/tex/latex/chngcntr/chngcntr.sty
Package: chngcntr 2009/09/02 v1.0a change counter resetting
)
(/usr/share/texmf-texlive/tex/latex/algorithms/algorithmic.sty
Package: algorithmic 2009/08/24 v0.1 Document Style `algorithmic'

(/usr/share/texmf-texlive/tex/latex/base/ifthen.sty
Package: ifthen 2001/05/26 v1.1c Standard LaTeX ifthen package (DPC)
)
\c@ALC@unique=\count124
\c@ALC@line=\count125
\c@ALC@rem=\count126
\c@ALC@depth=\count127
\ALC@tlm=\skip62
\algorithmicindent=\skip63
)
\@float@every@algorithm=\toks38
\c@algorithm=\count128
 (./QB_FBIM.aux

! Package natbib Error: Bibliography not compatible with author-year citations.

(natbib)                Press <return> to continue in numerical citation style.


See the natbib package documentation for explanation.
Type  H <return>  for immediate help.
 ...                                              
                                                  
l.227 ...and\NAT@force@numbers{}\NAT@force@numbers
                                                  
? 
)
\openout1 = `QB_FBIM.aux'.

LaTeX Font Info:    Checking defaults for OML/cmm/m/it on input line 43.
LaTeX Font Info:    ... okay on input line 43.
LaTeX Font Info:    Checking defaults for T1/cmr/m/n on input line 43.
LaTeX Font Info:    ... okay on input line 43.
LaTeX Font Info:    Checking defaults for OT1/cmr/m/n on input line 43.
LaTeX Font Info:    ... okay on input line 43.
LaTeX Font Info:    Checking defaults for OMS/cmsy/m/n on input line 43.
LaTeX Font Info:    ... okay on input line 43.
LaTeX Font Info:    Checking defaults for OMX/cmex/m/n on input line 43.
LaTeX Font Info:    ... okay on input line 43.
LaTeX Font Info:    Checking defaults for U/cmr/m/n on input line 43.
LaTeX Font Info:    ... okay on input line 43.
LaTeX Font Info:    Checking defaults for TS1/cmr/m/n on input line 43.
LaTeX Font Info:    Try loading font information for TS1+cmr on input line 43.
 (/usr/share/texmf-texlive/tex/latex/base/ts1cmr.fd
File: ts1cmr.fd 1999/05/25 v2.5h Standard LaTeX font definitions
)
LaTeX Font Info:    ... okay on input line 43.
LaTeX Font Info:    Try loading font information for T1+ppl on input line 43.

(/usr/share/texmf-texlive/tex/latex/psnfss/t1ppl.fd
File: t1ppl.fd 2001/06/04 font definitions for T1/ppl.
)
Package crop Info: requested driver: `' on input line 43.
Package crop Info: detected driver: `dvips' on input line 43.
Package crop Info: using `dvips' graphics driver on input line 43.
Package siunitx Info: xfrac package unavailable
(siunitx)             using `fraction=sfrac' will fall back on
(siunitx)             nicefrac-like method on input line 43.
LaTeX Font Info:    Try loading font information for OT1+ppl on input line 43.

(/usr/share/texmf-texlive/tex/latex/psnfss/ot1ppl.fd
File: ot1ppl.fd 2001/06/04 font definitions for OT1/ppl.
)
LaTeX Font Info:    Try loading font information for OML+zplm on input line 43.


(/usr/share/texmf-texlive/tex/latex/psnfss/omlzplm.fd
File: omlzplm.fd 2002/09/08 Fontinst v1.914 font definitions for OML/zplm.
)
LaTeX Font Info:    Try loading font information for OMS+zplm on input line 43.


(/usr/share/texmf-texlive/tex/latex/psnfss/omszplm.fd
File: omszplm.fd 2002/09/08 Fontinst v1.914 font definitions for OMS/zplm.
)
LaTeX Font Info:    Try loading font information for OMX+zplm on input line 43.


(/usr/share/texmf-texlive/tex/latex/psnfss/omxzplm.fd
File: omxzplm.fd 2002/09/08 Fontinst v1.914 font definitions for OMX/zplm.
)
LaTeX Font Info:    Font shape `U/msa/m/n' will be
(Font)              scaled to size 9.37807pt on input line 43.
LaTeX Font Info:    Font shape `U/msa/m/n' will be
(Font)              scaled to size 7.29405pt on input line 43.
LaTeX Font Info:    Font shape `U/msa/m/n' will be
(Font)              scaled to size 5.21004pt on input line 43.
LaTeX Font Info:    Font shape `U/msb/m/n' will be
(Font)              scaled to size 9.37807pt on input line 43.
LaTeX Font Info:    Font shape `U/msb/m/n' will be
(Font)              scaled to size 7.29405pt on input line 43.
LaTeX Font Info:    Font shape `U/msb/m/n' will be
(Font)              scaled to size 5.21004pt on input line 43.
LaTeX Font Info:    Try loading font information for OT1+zplm on input line 43.


(/usr/share/texmf-texlive/tex/latex/psnfss/ot1zplm.fd
File: ot1zplm.fd 2002/09/08 Fontinst v1.914 font definitions for OT1/zplm.
)
LaTeX Font Info:    Try loading font information for T1+phv on input line 69.

(/usr/share/texmf-texlive/tex/latex/psnfss/t1phv.fd
File: t1phv.fd 2001/06/04 scalable font definitions for T1/phv.
)
LaTeX Font Info:    Font shape `T1/phv/m/it' in size <9> not available
(Font)              Font shape `T1/phv/m/sl' tried instead on input line 69.
LaTeX Font Info:    Font shape `T1/phv/bx/it' in size <9> not available
(Font)              Font shape `T1/phv/b/it' tried instead on input line 69.
LaTeX Font Info:    Font shape `T1/phv/b/it' in size <9> not available
(Font)              Font shape `T1/phv/b/sl' tried instead on input line 69.
LaTeX Font Info:    Font shape `T1/phv/bx/it' in size <19> not available
(Font)              Font shape `T1/phv/b/it' tried instead on input line 69.
LaTeX Font Info:    Font shape `T1/phv/b/it' in size <19> not available
(Font)              Font shape `T1/phv/b/sl' tried instead on input line 69.
LaTeX Font Info:    Font shape `T1/phv/m/it' in size <8> not available
(Font)              Font shape `T1/phv/m/sl' tried instead on input line 69.
LaTeX Font Info:    Font shape `T1/phv/bx/n' in size <9> not available
(Font)              Font shape `T1/phv/b/n' tried instead on input line 69.
LaTeX Font Info:    Font shape `T1/phv/bx/n' in size <16> not available
(Font)              Font shape `T1/phv/b/n' tried instead on input line 69.
LaTeX Font Info:    Calculating math sizes for size <13> on input line 69.


LaTeX Font Warning: Font shape `OT1/cmss/m/n' in size <13> not available
(Font)              size <12> substituted on input line 69.


LaTeX Font Warning: Font shape `OT1/cmtt/m/n' in size <13> not available
(Font)              size <12> substituted on input line 69.

LaTeX Font Info:    Font shape `U/msa/m/n' will be
(Font)              scaled to size 13.5461pt on input line 69.
LaTeX Font Info:    Font shape `U/msa/m/n' will be
(Font)              scaled to size 10.29495pt on input line 69.
LaTeX Font Info:    Font shape `U/msa/m/n' will be
(Font)              scaled to size 8.12773pt on input line 69.
LaTeX Font Info:    Font shape `U/msb/m/n' will be
(Font)              scaled to size 13.5461pt on input line 69.
LaTeX Font Info:    Font shape `U/msb/m/n' will be
(Font)              scaled to size 10.29495pt on input line 69.
LaTeX Font Info:    Font shape `U/msb/m/n' will be
(Font)              scaled to size 8.12773pt on input line 69.
LaTeX Font Info:    Calculating math sizes for size <9.87993> on input line 69.


LaTeX Font Warning: Font shape `OT1/cmss/m/n' in size <7.50868> not available
(Font)              size <8> substituted on input line 69.


LaTeX Font Warning: Font shape `OT1/cmtt/m/n' in size <7.50868> not available
(Font)              size <8> substituted on input line 69.

LaTeX Font Info:    Font shape `U/msa/m/n' will be
(Font)              scaled to size 7.8241pt on input line 69.
LaTeX Font Info:    Font shape `U/msa/m/n' will be
(Font)              scaled to size 6.17702pt on input line 69.
LaTeX Font Info:    Font shape `U/msb/m/n' will be
(Font)              scaled to size 7.8241pt on input line 69.
LaTeX Font Info:    Font shape `U/msb/m/n' will be
(Font)              scaled to size 6.17702pt on input line 69.
LaTeX Font Info:    Font shape `U/msa/m/n' will be
(Font)              scaled to size 10.42007pt on input line 69.
LaTeX Font Info:    Font shape `U/msa/m/n' will be
(Font)              scaled to size 7.91925pt on input line 69.
LaTeX Font Info:    Font shape `U/msa/m/n' will be
(Font)              scaled to size 6.25204pt on input line 69.
LaTeX Font Info:    Font shape `U/msb/m/n' will be
(Font)              scaled to size 10.42007pt on input line 69.
LaTeX Font Info:    Font shape `U/msb/m/n' will be
(Font)              scaled to size 7.91925pt on input line 69.
LaTeX Font Info:    Font shape `U/msb/m/n' will be
(Font)              scaled to size 6.25204pt on input line 69.

Underfull \hbox (badness 10000) detected at line 69
[]
 []

LaTeX Font Info:    Font shape `U/msa/m/n' will be
(Font)              scaled to size 8.33606pt on input line 69.
LaTeX Font Info:    Font shape `U/msb/m/n' will be
(Font)              scaled to size 8.33606pt on input line 69.
LaTeX Font Info:    Font shape `T1/phv/bx/n' in size <8> not available
(Font)              Font shape `T1/phv/b/n' tried instead on input line 73.
LaTeX Font Info:    Font shape `T1/phv/bx/n' in size <10> not available
(Font)              Font shape `T1/phv/b/n' tried instead on input line 96.

Underfull \vbox (badness 10000) has occurred while \output is active []

 [1



]
LaTeX Font Info:    Font shape `T1/ppl/bx/n' in size <9> not available
(Font)              Font shape `T1/ppl/b/n' tried instead on input line 238.


LaTeX Warning: Reference `sub:Affinity-Propagation' on page 2 undefined on inpu
t line 238.


Underfull \vbox (badness 10000) has occurred while \output is active []

LaTeX Font Info:    Font shape `T1/phv/bx/it' in size <8> not available
(Font)              Font shape `T1/phv/b/it' tried instead on input line 283.
LaTeX Font Info:    Font shape `T1/phv/b/it' in size <8> not available
(Font)              Font shape `T1/phv/b/sl' tried instead on input line 283.

Overfull \hbox (261.0pt too wide) has occurred while \output is active
[][] 
 []


Overfull \vbox (1.0pt too high) has occurred while \output is active []


Overfull \hbox (261.0pt too wide) has occurred while \output is active
[][] 
 []

[2]
File: Figures/Fig_4_cst_simplification_relabeled.eps Graphic file (type eps)
 <Figures/Fig_4_cst_simplification_relabeled.eps>
LaTeX Font Info:    Font shape `T1/ppl/bx/n' in size <8> not available
(Font)              Font shape `T1/ppl/b/n' tried instead on input line 333.
LaTeX Font Info:    Try loading font information for U+fplmbb on input line 381
.

(/usr/share/texmf-texlive/tex/latex/psnfss/ufplmbb.fd
File: ufplmbb.fd 2003/10/30 Fontinst v1.914 font definitions for U/fplmbb.
)
Underfull \vbox (badness 10000) has occurred while \output is active []


Overfull \hbox (261.0pt too wide) has occurred while \output is active
[][] 
 []


Overfull \vbox (1.0pt too high) has occurred while \output is active []

 [3]
LaTeX Font Info:    Try loading font information for T1+pcr on input line 432.

(/usr/share/texmf-texlive/tex/latex/psnfss/t1pcr.fd
File: t1pcr.fd 2001/06/04 font definitions for T1/pcr.
)
File: Figures/Fig_2_distances2.eps Graphic file (type eps)

<Figures/Fig_2_distances2.eps>
Overfull \hbox (261.0pt too wide) has occurred while \output is active
[][] 
 []


Overfull \vbox (1.0pt too high) has occurred while \output is active []


Overfull \hbox (261.0pt too wide) has occurred while \output is active
[][] 
 []

[4]
Underfull \hbox (badness 2205) in paragraph at lines 612--623
\T1/ppl/m/n/8 among all tracks in the bun-dle, which we de-note by $\OT1/zplm/b
/n/8 e[] \OT1/zplm/m/n/8 =
 []


Underfull \hbox (badness 1028) in paragraph at lines 612--623
[] [][]\OT1/zplm/m/n/8 ([]\OT1/ppl/m/n/8 , \OT1/zplm/b/n/8 s\OT1/zplm/m/n/8 )$\
T1/ppl/m/n/8 , or if we want to work with tracks with
 []


Overfull \hbox (261.0pt too wide) has occurred while \output is active
[][] 
 []


Overfull \vbox (1.0pt too high) has occurred while \output is active []

 [5]
File: Figures/Fig_3_2x2+leg-box.eps Graphic file (type eps)

<Figures/Fig_3_2x2+leg-box.eps>
Overfull \hbox (4.11229pt too wide) in paragraph at lines 812--814
  [] 
 []


Overfull \hbox (261.0pt too wide) has occurred while \output is active
[][] 
 []


Overfull \vbox (1.0pt too high) has occurred while \output is active []


Overfull \hbox (261.0pt too wide) has occurred while \output is active
[][] 
 []

[6]
File: Figures/Fig_5_helix_phantom.eps Graphic file (type eps)
 <Figures/Fig_5_helix_phantom.eps>
Overfull \hbox (261.0pt too wide) has occurred while \output is active
[][] 
 []


Overfull \vbox (1.0pt too high) has occurred while \output is active []

 [7]
File: Figures/Fig_6_QB_simple.eps Graphic file (type eps)

<Figures/Fig_6_QB_simple.eps>
Underfull \hbox (badness 1910) in paragraph at lines 1039--1052
[]\T1/ppl/b/n/9 Tractographic At-lases \T1/ppl/m/n/9 For each sub-jects, (a) lo
ad the
 []


Underfull \hbox (badness 4156) in paragraph at lines 1053--1061
[]\T1/ppl/m/n/9 This at-las has been con-structed with-out con-sid-er-ing
 []

File: Figures/Fig_7_close_distance.eps Graphic file (type eps)
<Figures/Fig_7_close_distance.eps>
Overfull \hbox (261.0pt too wide) has occurred while \output is active
[][] 
 []


Overfull \vbox (1.0pt too high) has occurred while \output is active []


Overfull \hbox (261.0pt too wide) has occurred while \output is active
[][] 
 []

[8]
File: Figures/Fig_8_QB_with_others.eps Graphic file (type eps)
 <Figures/Fig_8_QB_with_others.eps>
Overfull \hbox (16.57239pt too wide) in paragraph at lines 1196--1197
 [][] 
 []


Underfull \vbox (badness 10000) has occurred while \output is active []


Overfull \hbox (261.0pt too wide) has occurred while \output is active
[][] 
 []


Overfull \vbox (1.0pt too high) has occurred while \output is active []

 [9]
Underfull \vbox (badness 10000) has occurred while \output is active []


Underfull \vbox (badness 10000) has occurred while \output is active []


Overfull \hbox (261.0pt too wide) has occurred while \output is active
[][] 
 []


Overfull \vbox (1.0pt too high) has occurred while \output is active []


Overfull \hbox (261.0pt too wide) has occurred while \output is active
[][] 
 []

[10]
File: Figures/Fig_9_QB_registration2_only_landscape.eps Graphic file (type eps)

 <Figures/Fig_9_QB_registration2_only_landscape.eps>
File: Figures/Fig_10_arcuate_small_fibers.eps Graphic file (type eps)

<Figures/Fig_10_arcuate_small_fibers.eps>
Overfull \hbox (16.01524pt too wide) in paragraph at lines 1371--1372
 [][] 
 []


Overfull \hbox (261.0pt too wide) has occurred while \output is active
[][] 
 []


Overfull \vbox (1.0pt too high) has occurred while \output is active []

 [11]
Underfull \vbox (badness 10000) has occurred while \output is active []

File: Figures/Fig_1_QB_algorithm.eps Graphic file (type eps)

<Figures/Fig_1_QB_algorithm.eps>

LaTeX Warning: Float too large for page by 83.35657pt on input line 1702.


Overfull \hbox (261.0pt too wide) has occurred while \output is active
[][] 
 []


Overfull \vbox (1.0pt too high) has occurred while \output is active []


Overfull \hbox (261.0pt too wide) has occurred while \output is active
[][] 
 []

[12] (./QB_FBIM.bbl
Underfull \hbox (badness 1454) in paragraph at lines 80--84
[]\T1/ppl/m/n/9 O. Zvi-tia, A. Mayer, and H. Greenspan, ``Adap-tive
 []


Underfull \hbox (badness 1946) in paragraph at lines 92--98
[]\T1/ppl/m/n/9 V. El Kouby, Y. Coin-tepas, C. Poupon, D. Riv-ière,
 []


Underfull \hbox (badness 2158) in paragraph at lines 100--103
[]\T1/ppl/m/n/9 A. Brun, H. Knutsson, H. Park, M. Shen-ton, and
 []


Underfull \hbox (badness 1354) in paragraph at lines 100--103
\T1/ppl/m/n/9 C. Westin, ``Clus-ter-ing fiber traces us-ing nor-mal-ized
 []


Underfull \hbox (badness 1342) in paragraph at lines 100--103
\T1/ppl/m/n/9 cuts,'' \T1/ppl/m/it/9 Med-i-cal Im-age Com-put-ing and Computer-
Assisted
 []

** WARNING: IEEEtran.bst: No hyphenation pattern has been
** loaded for the language `eng'. Using the pattern for
** the default language instead.
** WARNING: IEEEtran.bst: No hyphenation pattern has been
** loaded for the language `eng'. Using the pattern for
** the default language instead.

Underfull \vbox (badness 10000) has occurred while \output is active []


Overfull \hbox (261.0pt too wide) has occurred while \output is active
[][] 
 []


Overfull \vbox (1.0pt too high) has occurred while \output is active []

 [13]
** WARNING: IEEEtran.bst: No hyphenation pattern has been
** loaded for the language `eng'. Using the pattern for
** the default language instead.
** WARNING: IEEEtran.bst: No hyphenation pattern has been
** loaded for the language `eng'. Using the pattern for
** the default language instead.

Underfull \hbox (badness 1024) in paragraph at lines 153--157
[]\T1/ppl/m/n/9 M. Mad-dah, L. Zollei, W. Grim-son, C. Westin, and
 []

** WARNING: IEEEtran.bst: No hyphenation pattern has been
** loaded for the language `eng'. Using the pattern for
** the default language instead.
** WARNING: IEEEtran.bst: No hyphenation pattern has been
** loaded for the language `eng'. Using the pattern for
** the default language instead.

Underfull \hbox (badness 1412) in paragraph at lines 254--257
[]\T1/ppl/m/n/9 F. Yeh, V. Wedeen, and W. Tseng, ``Gen-er-al-ized Q-
 []


Underfull \hbox (badness 3861) in paragraph at lines 279--283
[]\T1/ppl/m/n/9 T. Paus, F. Tomaiuolo, N. Otaky, D. Mac-Don-ald,
 []


Overfull \hbox (261.0pt too wide) has occurred while \output is active
[][] 
 []


Overfull \vbox (1.0pt too high) has occurred while \output is active []


Overfull \hbox (261.0pt too wide) has occurred while \output is active
[][] 
 []

[14]
Underfull \hbox (badness 10000) in paragraph at lines 310--314
[]\T1/ppl/m/n/9 A. Mayer, G. Zimmerman-Moreno, R. Shadmi,
 []

** WARNING: IEEEtran.bst: No hyphenation pattern has been
** loaded for the language `eng'. Using the pattern for
** the default language instead.
** WARNING: IEEEtran.bst: No hyphenation pattern has been
** loaded for the language `eng'. Using the pattern for
** the default language instead.
)
Underfull \vbox (badness 10000) has occurred while \output is active []

Extra height:10.0pt when 225.76897pt

Underfull \vbox (badness 10000) has occurred while \output is active []

Extra height:10.0pt when 226.76897pt

Underfull \vbox (badness 10000) has occurred while \output is active []

Extra height:10.0pt when 227.76897pt

Underfull \vbox (badness 10000) has occurred while \output is active []

Extra height:10.0pt when 228.76897pt

Underfull \vbox (badness 10000) has occurred while \output is active []

Extra height:10.0pt when 229.76897pt

Underfull \vbox (badness 10000) has occurred while \output is active []

Extra height:0.0pt when 230.76897pt

Underfull \vbox (badness 10000) has occurred while \output is active []

(2)Left:230.76897pt Right:220.53795pt Output:230.76897pt
- LAST -
Extra skip:0.0pt
Left:230.76897pt
Right:220.53795pt
Output:230.76897pt

Underfull \vbox (badness 10000) has occurred while \output is active []


Overfull \hbox (261.0pt too wide) has occurred while \output is active
[][] 
 []


Overfull \vbox (1.0pt too high) has occurred while \output is active []

 [15

]
Overfull \hbox (261.0pt too wide) has occurred while \output is active
[][] 
 []


Overfull \vbox (1.0pt too high) has occurred while \output is active []


Overfull \hbox (261.0pt too wide) has occurred while \output is active
[][] 
 []

[16] (./QB_FBIM.aux)

LaTeX Font Warning: Size substitutions with differences
(Font)              up to 1.0pt have occurred.


LaTeX Warning: There were undefined references.

 ) 
Here is how much of TeX's memory you used:
 5800 strings out of 495062
 78068 string characters out of 1182644
 167346 words of memory out of 3000000
 8827 multiletter control sequences out of 15000+50000
 74533 words of font info for 154 fonts, out of 3000000 for 9000
 32 hyphenation exceptions out of 8191
 50i,15n,67p,1090b,643s stack positions out of 5000i,500n,10000p,200000b,50000s

Output written on QB_FBIM.dvi (16 pages, 127860 bytes).
